android/app/build/intermediates/manifest_merge_blame_file/debug/manifest-merger-blame-debug-report.txt
1<?xml version="1.0" encoding="utf-8"?>
2<manifest xmlns:android="http://schemas.android.com/apk/res/android"
3    package="com.example"
4    android:versionCode="1"
5    android:versionName="1.0" >
6
7    <uses-sdk
8        android:minSdkVersion="16"
9        android:targetSdkVersion="29" />
10
11    <uses-permission android:name="android.permission.SYSTEM_ALERT_WINDOW" />
11-->src/debug/AndroidManifest.xml:5:5-77
11-->src/debug/AndroidManifest.xml:5:22-75
12    <uses-permission android:name="android.permission.INTERNET" />
12-->src/main/AndroidManifest.xml:4:5-67
12-->src/main/AndroidManifest.xml:4:22-64
13    <uses-permission android:name="android.permission.ACCESS_WIFI_STATE" />
13-->[com.facebook.flipper:flipper:0.37.0] AndroidManifest.xml:16:5-76
13-->[com.facebook.flipper:flipper:0.37.0] AndroidManifest.xml:16:22-73
14
15    <application
15-->src/main/AndroidManifest.xml:6:5-25:19
16        android:name="com.example.MainApplication"
16-->src/main/AndroidManifest.xml:7:7-38
17        android:allowBackup="false"
17-->src/main/AndroidManifest.xml:11:7-34
18        android:appComponentFactory="androidx.core.app.CoreComponentFactory"
18-->[androidx.core:core:1.1.0] AndroidManifest.xml:24:18-86
19        android:debuggable="true"
20        android:icon="@mipmap/ic_launcher"
20-->src/main/AndroidManifest.xml:9:7-41
21        android:label="@string/app_name"
21-->src/main/AndroidManifest.xml:8:7-39
22        android:roundIcon="@mipmap/ic_launcher_round"
22-->src/main/AndroidManifest.xml:10:7-52
23        android:theme="@style/AppTheme"
23-->src/main/AndroidManifest.xml:12:7-38
24        android:usesCleartextTraffic="true" >
24-->src/debug/AndroidManifest.xml:7:18-53
25        <activity
25-->src/main/AndroidManifest.xml:13:7-23:18
26            android:name="com.example.MainActivity"
26-->src/main/AndroidManifest.xml:14:9-37
27            android:configChanges="keyboard|keyboardHidden|orientation|screenSize|uiMode"
27-->src/main/AndroidManifest.xml:16:9-86
28            android:label="@string/app_name"
28-->src/main/AndroidManifest.xml:15:9-41
29            android:launchMode="singleTask"
29-->src/main/AndroidManifest.xml:17:9-40
30            android:windowSoftInputMode="adjustResize" >
30-->src/main/AndroidManifest.xml:18:9-51
31            <intent-filter>
31-->src/main/AndroidManifest.xml:19:9-22:25
32                <action android:name="android.intent.action.MAIN" />
32-->src/main/AndroidManifest.xml:20:13-65
32-->src/main/AndroidManifest.xml:20:21-62
33
34                <category android:name="android.intent.category.LAUNCHER" />
34-->src/main/AndroidManifest.xml:21:13-73
34-->src/main/AndroidManifest.xml:21:23-70
35            </intent-filter>
36        </activity>
37        <activity android:name="com.facebook.react.devsupport.DevSettingsActivity" />
37-->src/main/AndroidManifest.xml:24:7-84
37-->src/main/AndroidManifest.xml:24:17-81
38        <activity
38-->[net.openid:appauth:0.7.1] AndroidManifest.xml:27:9-31:75
39            android:name="net.openid.appauth.AuthorizationManagementActivity"
39-->[net.openid:appauth:0.7.1] AndroidManifest.xml:28:13-78
40            android:exported="false"
40-->[net.openid:appauth:0.7.1] AndroidManifest.xml:29:13-37
41            android:launchMode="singleTask"
41-->[net.openid:appauth:0.7.1] AndroidManifest.xml:30:13-44
42            android:theme="@android:style/Theme.Translucent.NoTitleBar" />
42-->[net.openid:appauth:0.7.1] AndroidManifest.xml:31:13-72
43        <activity
43-->[net.openid:appauth:0.7.1] AndroidManifest.xml:32:9-43:20
44            android:name="net.openid.appauth.RedirectUriReceiverActivity"
44-->[net.openid:appauth:0.7.1] AndroidManifest.xml:33:13-74
45            android:exported="true" >
45-->[net.openid:appauth:0.7.1] AndroidManifest.xml:34:13-36
46            <intent-filter>
46-->[net.openid:appauth:0.7.1] AndroidManifest.xml:35:13-42:29
47                <action android:name="android.intent.action.VIEW" />
47-->[net.openid:appauth:0.7.1] AndroidManifest.xml:36:17-69
47-->[net.openid:appauth:0.7.1] AndroidManifest.xml:36:25-66
48
49                <category android:name="android.intent.category.DEFAULT" />
49-->[net.openid:appauth:0.7.1] AndroidManifest.xml:38:17-76
49-->[net.openid:appauth:0.7.1] AndroidManifest.xml:38:27-73
50                <category android:name="android.intent.category.BROWSABLE" />
50-->[net.openid:appauth:0.7.1] AndroidManifest.xml:39:17-78
50-->[net.openid:appauth:0.7.1] AndroidManifest.xml:39:27-75
51
52                <data android:scheme="io.identityserver.demo" />
52-->[net.openid:appauth:0.7.1] AndroidManifest.xml:41:17-67
52-->[net.openid:appauth:0.7.1] AndroidManifest.xml:41:23-64
53            </intent-filter>
54        </activity>
55    </application>
56
57</manifest>